<?xml version="1.0" encoding="UTF-8"?>
<beans xmlns="http://www.springframework.org/schema/beans" xmlns:xsi="http://www.w3.org/2001/XMLSchema-instance"
       xmlns:p="http://www.springframework.org/schema/p" xmlns:context="http://www.springframework.org/schema/context"
       xmlns:tx="http://www.springframework.org/schema/tx"
       xmlns:jee="http://www.springframework.org/schema/jee"
       xsi:schemaLocation="
            http://www.springframework.org/schema/beans 
            http://www.springframework.org/schema/beans/spring-beans.xsd
            http://www.springframework.org/schema/context 
            http://www.springframework.org/schema/context/spring-context.xsd
            http://www.springframework.org/schema/jee 
            http://www.springframework.org/schema/jee/spring-jee-2.0.xsd
            http://www.springframework.org/schema/tx 
            http://www.springframework.org/schema/tx/spring-tx.xsd
	        http://www.springframework.org/schema/mvc
   	        http://www.springframework.org/schema/mvc/spring-mvc-3.0.xsd">

   <bean id="dataSource" 
      class="org.springframework.jdbc.datasource.DriverManagerDataSource">
      <property name="driverClassName" value="com.mysql.jdbc.Driver"/>
      <property name="url" value="jdbc:mysql://localhost:3306/denta_survey"/>
      <property name="username" value="root"/>
      <property name="password" value="1qaz"/>
   </bean>     
	
    <context:annotation-config/>
    <tx:annotation-driven/>

	<context:component-scan base-package="pl.edu.pwr.dentasurvey" />
	<bean id="messageSource"
    	class="org.springframework.context.support.ReloadableResourceBundleMessageSource">
    	<property name="basename" value="/resources/messages" />
    	<property name="defaultEncoding" value="UTF-8" />
	</bean>	 

	<!-- Changes the locale when a 'language' request parameter is sent; e.g. /?language=de -->
	<bean id="multipartResolver"
	 	class="org.springframework.web.multipart.commons.CommonsMultipartResolver"/>

	<bean class="org.springframework.web.servlet.view.InternalResourceViewResolver">
    	<property name="prefix" value="/WEB-INF/jsp/" />
      	<property name="suffix" value=".jsp" />
   	</bean>  
</beans>